<?xml version="1.0" encoding="UTF-8"?>
<Site BuildName="(empty)"
	BuildStamp="20250810-1811-Experimental"
	Name="(empty)"
	Generator="ctest-3.31.3"
	CompilerName=""
	CompilerVersion=""
	OSName="Windows"
	Hostname="AhmedG3-3590"
	OSRelease=" Professional"
	OSVersion=" (Build 19045)"
	OSPlatform="AMD64"
	Is64Bits="1"
	VendorString="GenuineIntel"
	VendorID="Intel Corporation"
	FamilyID="6"
	ModelID="14"
	ModelName=""
	ProcessorCacheSize="-1"
	NumberOfLogicalCPU="12"
	NumberOfPhysicalCPU="6"
	TotalVirtualMemory="18612"
	TotalPhysicalMemory="16180"
	LogicalProcessorsPerPhysical="2"
	ProcessorClockFrequency="2592"
	>
	<Testing>
		<StartDateTime>Aug 10 21:56 Egypt Daylight Time</StartDateTime>
		<StartTestTime>1754852208</StartTestTime>
		<TestList/>
		<EndDateTime>Aug 10 21:56 Egypt Daylight Time</EndDateTime>
		<EndTestTime>1754852208</EndTestTime>
		<ElapsedMinutes>0</ElapsedMinutes>
	</Testing>
</Site>
